<?xml version="1.0" encoding="UTF-8"?>
<!-- Generated by org.testng.reporters.JUnitXMLReporter -->
<testsuite hostname="LAPTOP-T2DQGLQT" ignored="0" name="Default test" tests="5" failures="0" timestamp="03 Sep 2022 08:42:15 GMT" time="7.312" errors="0">
  <testcase name="getres" time="2.452" classname="test.Assignment.Test1"/>
  <testcase name="getreswithauth" time="1.51" classname="test.Assignment.Test1"/>
  <testcase name="postreq" time="1.005" classname="test.Assignment.Test1"/>
  <testcase name="postreqwithpojo" time="1.145" classname="test.Assignment.Test1"/>
  <testcase name="reqwithheader" time="1.168" classname="test.Assignment.Test1"/>
</testsuite> <!-- Default test -->
