<?xml version="1.0" encoding="UTF-8"?>
<testng-results skipped="0" failed="0" ignored="0" total="1" passed="1">
  <reporter-output>
  </reporter-output>
  <suite name="Default suite" duration-ms="105902" started-at="2020-11-29T11:00:10Z" finished-at="2020-11-29T11:01:56Z">
    <groups>
    </groups>
    <test name="Default test" duration-ms="105902" started-at="2020-11-29T11:00:10Z" finished-at="2020-11-29T11:01:56Z">
      <class name="AutomationPractice.Assignment.Login">
        <test-method status="PASS" signature="stratExec()[pri:0, instance:AutomationPractice.Assignment.Login@73ad2d6]" name="stratExec" duration-ms="105883" started-at="2020-11-29T11:00:10Z" finished-at="2020-11-29T11:01:56Z">
          <reporter-output>
          </reporter-output>
        </test-method> <!-- stratExec -->
      </class> <!-- AutomationPractice.Assignment.Login -->
    </test> <!-- Default test -->
  </suite> <!-- Default suite -->
</testng-results>
