<?xml version="1.0" encoding="UTF-8"?>
<testng-results skipped="0" failed="0" ignored="0" total="5" passed="5">
  <reporter-output>
  </reporter-output>
  <suite name="Default suite" duration-ms="7312" started-at="2022-09-03T08:42:08Z" finished-at="2022-09-03T08:42:15Z">
    <groups>
    </groups>
    <test name="Default test" duration-ms="7312" started-at="2022-09-03T08:42:08Z" finished-at="2022-09-03T08:42:15Z">
      <class name="test.Assignment.Test1">
        <test-method status="PASS" signature="getres()[pri:0, instance:test.Assignment.Test1@5f341870]" name="getres" duration-ms="2452" started-at="2022-09-03T08:42:08Z" finished-at="2022-09-03T08:42:10Z">
          <reporter-output>
          </reporter-output>
        </test-method> <!-- getres -->
        <test-method status="PASS" signature="getreswithauth()[pri:0, instance:test.Assignment.Test1@5f341870]" name="getreswithauth" duration-ms="1510" started-at="2022-09-03T08:42:10Z" finished-at="2022-09-03T08:42:12Z">
          <reporter-output>
          </reporter-output>
        </test-method> <!-- getreswithauth -->
        <test-method status="PASS" signature="postreq()[pri:0, instance:test.Assignment.Test1@5f341870]" name="postreq" duration-ms="1005" started-at="2022-09-03T08:42:12Z" finished-at="2022-09-03T08:42:13Z">
          <reporter-output>
          </reporter-output>
        </test-method> <!-- postreq -->
        <test-method status="PASS" signature="postreqwithpojo()[pri:0, instance:test.Assignment.Test1@5f341870]" name="postreqwithpojo" duration-ms="1145" started-at="2022-09-03T08:42:13Z" finished-at="2022-09-03T08:42:14Z">
          <reporter-output>
          </reporter-output>
        </test-method> <!-- postreqwithpojo -->
        <test-method status="PASS" signature="reqwithheader()[pri:0, instance:test.Assignment.Test1@5f341870]" name="reqwithheader" duration-ms="1168" started-at="2022-09-03T08:42:14Z" finished-at="2022-09-03T08:42:15Z">
          <reporter-output>
          </reporter-output>
        </test-method> <!-- reqwithheader -->
      </class> <!-- test.Assignment.Test1 -->
    </test> <!-- Default test -->
  </suite> <!-- Default suite -->
</testng-results>
